This is TeX, Version 3.1415926 (TeX Live 2013) (format=tex 2013.5.30)  7 JUL 2015 15:54
**root.tex
(./root.tex
! Undefined control sequence.
l.4 \documentclass
                  [a4paper,11pt]{article}
? 
! Undefined control sequence.
l.15 \usepackage
                {graphics} % for pdf, bitmapped graphics files
? 
! Undefined control sequence.
l.16 \usepackage
                {epsfig} % for postscript graphics files
? 
! Undefined control sequence.
l.17 \usepackage
                {mathptmx} % assumes new font selection scheme installed
? 
! Undefined control sequence.
l.18 \usepackage
                {times} % assumes new font selection scheme installed
? 
! Undefined control sequence.
l.19 \usepackage
                {amsmath} % assumes amsmath package installed
? 
! Undefined control sequence.
l.20 \usepackage
                {amssymb}  % assumes amsmath package installed
? 
! Undefined control sequence.
l.21 \usepackage
                {booktabs}  % assumes amsmath package installed
? 
! Undefined control sequence.
l.23 \title
           {\LARGE \bf
? 
! Undefined control sequence.
l.23 \title{\LARGE
                   \bf
? 
! Undefined control sequence.
l.27 \author
            {Valero-Cuevas FJ, Jalaleddini K, Chakravarthi S, Poblete K, and...

? 
! Undefined control sequence.
l.28 \thanks
            {*This work was supported by NIH NIAMS R01AR050520 and R01AR0523...

? 
! Undefined control sequence.
l.30 \thanks
            {$^{1}$Departments of Biomedical Engineering and Computer Scienc...

? 
! Undefined control sequence.
l.31         {\tt\small
                        brianaco@usc.edu}}%
? 
! Undefined control sequence.
l.33 \begin
           {document}
? 
! Undefined control sequence.
l.34 \maketitle
               
? 
! I can't find file `{sections/abstract.tex}'.
l.38 \input{sections/abstract.tex}
                                  
(Press Enter to retry, or Control-D to exit)
Please type another input file name: 
! I can't find file `{sections/abstract.tex}'.
l.38 \input{sections/abstract.tex}
                                  
(Press Enter to retry, or Control-D to exit)
Please type another input file name: 
! I can't find file `{sections/abstract.tex}'.
l.38 \input{sections/abstract.tex}
                                  
(Press Enter to retry, or Control-D to exit)
Please type another input file name: 
! I can't find file `{sections/abstract.tex}'.
l.38 \input{sections/abstract.tex}
                                  
(Press Enter to retry, or Control-D to exit)
Please type another input file name: 
! I can't find file `{sections/abstract.tex}'.
l.38 \input{sections/abstract.tex}
                                  
(Press Enter to retry, or Control-D to exit)
Please type another input file name: 
! I can't find file `{sections/abstract.tex}'.
l.38 \input{sections/abstract.tex}
                                  
(Press Enter to retry, or Control-D to exit)
Please type another input file name: 
! I can't find file `{sections/abstract.tex}'.
l.38 \input{sections/abstract.tex}
                                  
(Press Enter to retry, or Control-D to exit)
Please type another input file name: 
! I can't find file `{sections/abstract.tex}'.
l.38 \input{sections/abstract.tex}
                                  
(Press Enter to retry, or Control-D to exit)
Please type another input file name: 
! I can't find file `{sections/abstract.tex}'.
l.38 \input{sections/abstract.tex}
                                  
(Press Enter to retry, or Control-D to exit)
Please type another input file name: 
! I can't find file `{sections/abstract.tex}'.
l.38 \input{sections/abstract.tex}
                                  
(Press Enter to retry, or Control-D to exit)
Please type another input file name: 
! I can't find file `{sections/abstract.tex}'.
l.38 \input{sections/abstract.tex}
                                  
(Press Enter to retry, or Control-D to exit)
Please type another input file name: 
! I can't find file `{sections/abstract.tex}'.
l.38 \input{sections/abstract.tex}
                                  
(Press Enter to retry, or Control-D to exit)
Please type another input file name: 
! I can't find file `{sections/abstract.tex}'.
l.38 \input{sections/abstract.tex}
                                  
(Press Enter to retry, or Control-D to exit)
Please type another input file name: 
! I can't find file `{sections/abstract.tex}'.
l.38 \input{sections/abstract.tex}
                                  
(Press Enter to retry, or Control-D to exit)
Please type another input file name: 
! I can't find file `{sections/abstract.tex}'.
l.38 \input{sections/abstract.tex}
                                  
(Press Enter to retry, or Control-D to exit)
Please type another input file name: 
! I can't find file `{sections/abstract.tex}'.
l.38 \input{sections/abstract.tex}
                                  
(Press Enter to retry, or Control-D to exit)
Please type another input file name: 
! I can't find file `{sections/abstract.tex}'.
l.38 \input{sections/abstract.tex}
                                  
(Press Enter to retry, or Control-D to exit)
Please type another input file name: 
! I can't find file `{sections/abstract.tex}'.
l.38 \input{sections/abstract.tex}
                                  
(Press Enter to retry, or Control-D to exit)
Please type another input file name: 
! I can't find file `{sections/abstract.tex}'.
l.38 \input{sections/abstract.tex}
                                  
(Press Enter to retry, or Control-D to exit)
Please type another input file name: 
! I can't find file `{sections/abstract.tex}'.
l.38 \input{sections/abstract.tex}
                                  
(Press Enter to retry, or Control-D to exit)
Please type another input file name: 
! I can't find file `{sections/abstract.tex}'.
l.38 \input{sections/abstract.tex}
                                  
(Press Enter to retry, or Control-D to exit)
Please type another input file name: 
! I can't find file `{sections/abstract.tex}'.
l.38 \input{sections/abstract.tex}
                                  
(Press Enter to retry, or Control-D to exit)
Please type another input file name: 
! I can't find file `{sections/abstract.tex}'.
l.38 \input{sections/abstract.tex}
                                  
(Press Enter to retry, or Control-D to exit)
Please type another input file name: 
! I can't find file `{sections/abstract.tex}'.
l.38 \input{sections/abstract.tex}
                                  
(Press Enter to retry, or Control-D to exit)
Please type another input file name: 
! I can't find file `{sections/abstract.tex}'.
l.38 \input{sections/abstract.tex}
                                  
(Press Enter to retry, or Control-D to exit)
Please type another input file name: 
! I can't find file `{sections/abstract.tex}'.
l.38 \input{sections/abstract.tex}
                                  
(Press Enter to retry, or Control-D to exit)
Please type another input file name: 
! I can't find file `{sections/abstract.tex}'.
l.38 \input{sections/abstract.tex}
                                  
(Press Enter to retry, or Control-D to exit)
Please type another input file name: 
! Emergency stop.
l.38 \input{sections/abstract.tex}
                                  
End of file on the terminal!

No pages of output.
